<?xml version="1.0" encoding="UTF-8"?>
<!-- Generated by org.testng.reporters.JUnitReportReporter -->
<testsuite hostname="z11028201" name="com.zhongkejingshang.testng.TestRun" tests="4" failures="0" timestamp="29 Jul 2019 02:26:14 GMT" time="84.760" errors="0">
  <testcase name="f" time="21.019" classname="com.zhongkejingshang.testng.TestRun"/>
  <testcase name="f" time="21.019" classname="com.zhongkejingshang.testng.TestRun"/>
  <testcase name="f" time="21.026" classname="com.zhongkejingshang.testng.TestRun"/>
  <testcase name="f" time="21.696" classname="com.zhongkejingshang.testng.TestRun"/>
</testsuite> <!-- com.zhongkejingshang.testng.TestRun -->
